{"level":"info","message":"No hay datos nuevos para transferir","timestamp":"2025-01-18T19:05:00.438Z"}
{"level":"info","message":"No hay datos nuevos para transferir","timestamp":"2025-01-18T19:06:01.006Z"}
{"level":"info","message":"No hay datos nuevos para transferir","timestamp":"2025-01-18T19:07:00.496Z"}
{"level":"info","message":"No hay datos nuevos para transferir","timestamp":"2025-01-18T19:08:01.065Z"}
{"level":"info","message":"No hay datos nuevos para transferir","timestamp":"2025-01-18T19:09:00.561Z"}
{"level":"info","message":"No hay datos nuevos para transferir","timestamp":"2025-01-18T19:10:00.079Z"}
{"level":"info","message":"No hay datos nuevos para transferir","timestamp":"2025-01-18T19:11:00.644Z"}
{"level":"info","message":"No hay datos nuevos para transferir","timestamp":"2025-01-18T19:12:00.092Z"}
{"level":"info","message":"No hay datos nuevos para transferir","timestamp":"2025-01-18T19:13:00.616Z"}
{"level":"info","message":"No hay datos nuevos para transferir","timestamp":"2025-01-18T19:14:00.089Z"}
{"level":"info","message":"No hay datos nuevos para transferir","timestamp":"2025-01-18T19:15:00.672Z"}
{"level":"info","message":"No hay datos nuevos para transferir","timestamp":"2025-01-18T19:16:00.148Z"}
{"level":"info","message":"No hay datos nuevos para transferir","timestamp":"2025-01-18T19:17:00.659Z"}
{"level":"info","message":"No hay datos nuevos para transferir","timestamp":"2025-01-18T19:18:00.149Z"}
{"level":"info","message":"No hay datos nuevos para transferir","timestamp":"2025-01-18T19:19:00.720Z"}
{"level":"info","message":"No hay datos nuevos para transferir","timestamp":"2025-01-18T19:20:00.260Z"}
{"level":"info","message":"No hay datos nuevos para transferir","timestamp":"2025-01-18T19:21:00.761Z"}
{"level":"info","message":"No hay datos nuevos para transferir","timestamp":"2025-01-18T19:22:00.279Z"}
{"level":"info","message":"No hay datos nuevos para transferir","timestamp":"2025-01-18T19:23:00.825Z"}
{"level":"info","message":"No hay datos nuevos para transferir","timestamp":"2025-01-18T19:25:21.318Z"}
{"level":"info","message":"No hay datos nuevos para transferir","timestamp":"2025-01-18T19:26:00.329Z"}
{"level":"info","message":"No hay datos nuevos para transferir","timestamp":"2025-01-18T19:27:00.875Z"}
{"level":"info","message":"No hay datos nuevos para transferir","timestamp":"2025-01-18T19:28:00.481Z"}
{"level":"info","message":"No hay datos nuevos para transferir","timestamp":"2025-01-18T19:29:01.088Z"}
{"level":"info","message":"No hay datos nuevos para transferir","timestamp":"2025-01-18T19:30:00.543Z"}
{"level":"info","message":"No hay datos nuevos para transferir","timestamp":"2025-01-18T19:31:01.148Z"}
{"level":"info","message":"No hay datos nuevos para transferir","timestamp":"2025-01-18T19:32:00.569Z"}
{"level":"info","message":"No hay datos nuevos para transferir","timestamp":"2025-01-18T19:33:00.051Z"}
{"level":"info","message":"No hay datos nuevos para transferir","timestamp":"2025-01-18T19:34:00.587Z"}
{"level":"info","message":"No hay datos nuevos para transferir","timestamp":"2025-01-18T19:35:00.145Z"}
{"level":"info","message":"No hay datos nuevos para transferir","timestamp":"2025-01-18T19:36:00.696Z"}
{"level":"info","message":"No hay datos nuevos para transferir","timestamp":"2025-01-18T19:37:00.208Z"}
{"level":"info","message":"No hay datos nuevos para transferir","timestamp":"2025-01-18T19:38:00.769Z"}
{"level":"info","message":"No hay datos nuevos para transferir","timestamp":"2025-01-18T19:39:00.249Z"}
{"level":"info","message":"No hay datos nuevos para transferir","timestamp":"2025-01-18T19:40:00.836Z"}
{"level":"info","message":"No hay datos nuevos para transferir","timestamp":"2025-01-18T19:41:00.278Z"}
{"level":"info","message":"No hay datos nuevos para transferir","timestamp":"2025-01-18T19:42:01.618Z"}
{"level":"info","message":"No hay datos nuevos para transferir","timestamp":"2025-01-18T19:43:00.347Z"}
{"level":"info","message":"No hay datos nuevos para transferir","timestamp":"2025-01-18T19:44:01.988Z"}
{"level":"info","message":"No hay datos nuevos para transferir","timestamp":"2025-01-18T19:45:00.381Z"}
{"level":"info","message":"No hay datos nuevos para transferir","timestamp":"2025-01-18T19:46:00.881Z"}
{"level":"info","message":"No hay datos nuevos para transferir","timestamp":"2025-01-18T19:47:00.393Z"}
{"level":"info","message":"No hay datos nuevos para transferir","timestamp":"2025-01-18T19:48:00.895Z"}
{"level":"info","message":"No hay datos nuevos para transferir","timestamp":"2025-01-18T19:49:00.389Z"}
{"level":"info","message":"No hay datos nuevos para transferir","timestamp":"2025-01-18T19:50:00.885Z"}
{"level":"info","message":"No hay datos nuevos para transferir","timestamp":"2025-01-18T19:51:00.421Z"}
{"level":"info","message":"No hay datos nuevos para transferir","timestamp":"2025-01-18T19:52:00.927Z"}
{"level":"info","message":"No hay datos nuevos para transferir","timestamp":"2025-01-18T19:53:00.450Z"}
{"level":"info","message":"No hay datos nuevos para transferir","timestamp":"2025-01-18T19:54:00.956Z"}
{"level":"info","message":"No hay datos nuevos para transferir","timestamp":"2025-01-18T19:55:00.578Z"}
{"level":"info","message":"No hay datos nuevos para transferir","timestamp":"2025-01-18T19:56:00.957Z"}
{"level":"info","message":"No hay datos nuevos para transferir","timestamp":"2025-01-18T19:57:00.463Z"}
{"level":"info","message":"No hay datos nuevos para transferir","timestamp":"2025-01-18T19:58:01.004Z"}
{"level":"info","message":"No hay datos nuevos para transferir","timestamp":"2025-01-18T19:59:00.513Z"}
{"level":"info","message":"No hay datos nuevos para transferir","timestamp":"2025-01-18T20:00:01.042Z"}
{"level":"info","message":"No hay datos nuevos para transferir","timestamp":"2025-01-18T20:01:00.569Z"}
{"level":"info","message":"No hay datos nuevos para transferir","timestamp":"2025-01-18T20:03:00.535Z"}
{"level":"info","message":"No hay datos nuevos para transferir","timestamp":"2025-01-18T20:04:00.065Z"}
{"level":"info","message":"No hay datos nuevos para transferir","timestamp":"2025-01-18T20:05:00.555Z"}
{"level":"info","message":"No hay datos nuevos para transferir","timestamp":"2025-01-18T20:06:01.007Z"}
{"level":"info","message":"No hay datos nuevos para transferir","timestamp":"2025-01-18T20:07:00.528Z"}
{"level":"info","message":"No hay datos nuevos para transferir","timestamp":"2025-01-18T20:08:01.021Z"}
{"level":"info","message":"No hay datos nuevos para transferir","timestamp":"2025-01-18T20:09:00.507Z"}
{"class":14,"code":"EREQUEST","level":"error","lineNumber":2,"message":"Error transfiriendo datos: Violation of PRIMARY KEY constraint 'PK_implt_client'. Cannot insert duplicate key in object 'telynet.implt_client'. The duplicate key value is (C001).","name":"RequestError","number":2627,"originalError":{"info":{"class":14,"handlerName":"onErrorMessage","lineNumber":2,"message":"Violation of PRIMARY KEY constraint 'PK_implt_client'. Cannot insert duplicate key in object 'telynet.implt_client'. The duplicate key value is (C001).","name":"ERROR","number":2627,"procName":"","serverName":"ciguadr","state":1}},"precedingErrors":[],"procName":"","serverName":"ciguadr","stack":"RequestError: Violation of PRIMARY KEY constraint 'PK_implt_client'. Cannot insert duplicate key in object 'telynet.implt_client'. The duplicate key value is (C001).\n    at handleError (C:\\proyectos\\app\\core_app\\server\\node_modules\\mssql\\lib\\tedious\\request.js:384:15)\n    at Connection.emit (node:events:517:28)\n    at Connection.emit (C:\\proyectos\\app\\core_app\\server\\node_modules\\tedious\\lib\\connection.js:1040:18)\n    at RequestTokenHandler.onErrorMessage (C:\\proyectos\\app\\core_app\\server\\node_modules\\tedious\\lib\\token\\handler.js:365:21)\n    at Readable.<anonymous> (C:\\proyectos\\app\\core_app\\server\\node_modules\\tedious\\lib\\token\\token-stream-parser.js:26:33)\n    at Readable.emit (node:events:517:28)\n    at addChunk (node:internal/streams/readable:368:12)\n    at readableAddChunk (node:internal/streams/readable:341:9)\n    at Readable.push (node:internal/streams/readable:278:10)\n    at next (node:internal/streams/from:98:31)","state":1,"timestamp":"2025-01-18T20:37:00.976Z"}
{"code":"ETIMEOUT","level":"error","message":"Error transfiriendo datos: Timeout: Request failed to complete in 15000ms","name":"RequestError","number":"ETIMEOUT","originalError":{"code":"ETIMEOUT"},"precedingErrors":[],"stack":"RequestError: Timeout: Request failed to complete in 15000ms\n    at C:\\proyectos\\app\\core_app\\server\\node_modules\\mssql\\lib\\tedious\\request.js:449:19\n    at Array.forEach (<anonymous>)\n    at Request.userCallback (C:\\proyectos\\app\\core_app\\server\\node_modules\\mssql\\lib\\tedious\\request.js:446:46)\n    at Request.callback (C:\\proyectos\\app\\core_app\\server\\node_modules\\tedious\\lib\\request.js:205:14)\n    at C:\\proyectos\\app\\core_app\\server\\node_modules\\tedious\\lib\\connection.js:2866:24\n    at process.processTicksAndRejections (node:internal/process/task_queues:95:5)","timestamp":"2025-01-18T20:38:15.727Z"}
{"code":"ETIMEOUT","level":"error","message":"Error transfiriendo datos: Timeout: Request failed to complete in 15000ms","name":"RequestError","number":"ETIMEOUT","originalError":{"code":"ETIMEOUT"},"precedingErrors":[],"stack":"RequestError: Timeout: Request failed to complete in 15000ms\n    at C:\\proyectos\\app\\core_app\\server\\node_modules\\mssql\\lib\\tedious\\request.js:449:19\n    at Array.forEach (<anonymous>)\n    at Request.userCallback (C:\\proyectos\\app\\core_app\\server\\node_modules\\mssql\\lib\\tedious\\request.js:446:46)\n    at Request.callback (C:\\proyectos\\app\\core_app\\server\\node_modules\\tedious\\lib\\request.js:205:14)\n    at C:\\proyectos\\app\\core_app\\server\\node_modules\\tedious\\lib\\connection.js:2866:24\n    at process.processTicksAndRejections (node:internal/process/task_queues:95:5)","timestamp":"2025-01-18T20:40:15.760Z"}
{"code":"ETIMEOUT","level":"error","message":"Error transfiriendo datos: Timeout: Request failed to complete in 15000ms","name":"RequestError","number":"ETIMEOUT","originalError":{"code":"ETIMEOUT"},"precedingErrors":[],"stack":"RequestError: Timeout: Request failed to complete in 15000ms\n    at C:\\proyectos\\app\\core_app\\server\\node_modules\\mssql\\lib\\tedious\\request.js:449:19\n    at Array.forEach (<anonymous>)\n    at Request.userCallback (C:\\proyectos\\app\\core_app\\server\\node_modules\\mssql\\lib\\tedious\\request.js:446:46)\n    at Request.callback (C:\\proyectos\\app\\core_app\\server\\node_modules\\tedious\\lib\\request.js:205:14)\n    at C:\\proyectos\\app\\core_app\\server\\node_modules\\tedious\\lib\\connection.js:2866:24\n    at process.processTicksAndRejections (node:internal/process/task_queues:95:5)","timestamp":"2025-01-18T20:41:15.149Z"}
{"code":"ETIMEOUT","level":"error","message":"Error transfiriendo datos: Timeout: Request failed to complete in 15000ms","name":"RequestError","number":"ETIMEOUT","originalError":{"code":"ETIMEOUT"},"precedingErrors":[],"stack":"RequestError: Timeout: Request failed to complete in 15000ms\n    at C:\\proyectos\\app\\core_app\\server\\node_modules\\mssql\\lib\\tedious\\request.js:449:19\n    at Array.forEach (<anonymous>)\n    at Request.userCallback (C:\\proyectos\\app\\core_app\\server\\node_modules\\mssql\\lib\\tedious\\request.js:446:46)\n    at Request.callback (C:\\proyectos\\app\\core_app\\server\\node_modules\\tedious\\lib\\request.js:205:14)\n    at C:\\proyectos\\app\\core_app\\server\\node_modules\\tedious\\lib\\connection.js:2866:24\n    at process.processTicksAndRejections (node:internal/process/task_queues:95:5)","timestamp":"2025-01-18T20:42:15.604Z"}
{"code":"ETIMEOUT","level":"error","message":"Error transfiriendo datos: Timeout: Request failed to complete in 15000ms","name":"RequestError","number":"ETIMEOUT","originalError":{"code":"ETIMEOUT"},"precedingErrors":[],"stack":"RequestError: Timeout: Request failed to complete in 15000ms\n    at C:\\proyectos\\app\\core_app\\server\\node_modules\\mssql\\lib\\tedious\\request.js:449:19\n    at Array.forEach (<anonymous>)\n    at Request.userCallback (C:\\proyectos\\app\\core_app\\server\\node_modules\\mssql\\lib\\tedious\\request.js:446:46)\n    at Request.callback (C:\\proyectos\\app\\core_app\\server\\node_modules\\tedious\\lib\\request.js:205:14)\n    at C:\\proyectos\\app\\core_app\\server\\node_modules\\tedious\\lib\\connection.js:2866:24\n    at process.processTicksAndRejections (node:internal/process/task_queues:95:5)","timestamp":"2025-01-18T20:43:15.124Z"}
{"code":"ETIMEOUT","level":"error","message":"Error transfiriendo datos: Timeout: Request failed to complete in 15000ms","name":"RequestError","number":"ETIMEOUT","originalError":{"code":"ETIMEOUT"},"precedingErrors":[],"stack":"RequestError: Timeout: Request failed to complete in 15000ms\n    at C:\\proyectos\\app\\core_app\\server\\node_modules\\mssql\\lib\\tedious\\request.js:449:19\n    at Array.forEach (<anonymous>)\n    at Request.userCallback (C:\\proyectos\\app\\core_app\\server\\node_modules\\mssql\\lib\\tedious\\request.js:446:46)\n    at Request.callback (C:\\proyectos\\app\\core_app\\server\\node_modules\\tedious\\lib\\request.js:205:14)\n    at C:\\proyectos\\app\\core_app\\server\\node_modules\\tedious\\lib\\connection.js:2866:24\n    at process.processTicksAndRejections (node:internal/process/task_queues:95:5)","timestamp":"2025-01-18T20:44:15.648Z"}
{"code":"ETIMEOUT","level":"error","message":"Error transfiriendo datos: Timeout: Request failed to complete in 15000ms","name":"RequestError","number":"ETIMEOUT","originalError":{"code":"ETIMEOUT"},"precedingErrors":[],"stack":"RequestError: Timeout: Request failed to complete in 15000ms\n    at C:\\proyectos\\app\\core_app\\server\\node_modules\\mssql\\lib\\tedious\\request.js:449:19\n    at Array.forEach (<anonymous>)\n    at Request.userCallback (C:\\proyectos\\app\\core_app\\server\\node_modules\\mssql\\lib\\tedious\\request.js:446:46)\n    at Request.callback (C:\\proyectos\\app\\core_app\\server\\node_modules\\tedious\\lib\\request.js:205:14)\n    at C:\\proyectos\\app\\core_app\\server\\node_modules\\tedious\\lib\\connection.js:2866:24\n    at process.processTicksAndRejections (node:internal/process/task_queues:95:5)","timestamp":"2025-01-18T20:45:15.257Z"}
{"code":"ETIMEOUT","level":"error","message":"Error transfiriendo datos: Timeout: Request failed to complete in 15000ms","name":"RequestError","number":"ETIMEOUT","originalError":{"code":"ETIMEOUT"},"precedingErrors":[],"stack":"RequestError: Timeout: Request failed to complete in 15000ms\n    at C:\\proyectos\\app\\core_app\\server\\node_modules\\mssql\\lib\\tedious\\request.js:449:19\n    at Array.forEach (<anonymous>)\n    at Request.userCallback (C:\\proyectos\\app\\core_app\\server\\node_modules\\mssql\\lib\\tedious\\request.js:446:46)\n    at Request.callback (C:\\proyectos\\app\\core_app\\server\\node_modules\\tedious\\lib\\request.js:205:14)\n    at C:\\proyectos\\app\\core_app\\server\\node_modules\\tedious\\lib\\connection.js:2866:24\n    at process.processTicksAndRejections (node:internal/process/task_queues:95:5)","timestamp":"2025-01-18T20:46:15.856Z"}
{"code":"ETIMEOUT","level":"error","message":"Error transfiriendo datos: Timeout: Request failed to complete in 15000ms","name":"RequestError","number":"ETIMEOUT","originalError":{"code":"ETIMEOUT"},"precedingErrors":[],"stack":"RequestError: Timeout: Request failed to complete in 15000ms\n    at C:\\proyectos\\app\\core_app\\server\\node_modules\\mssql\\lib\\tedious\\request.js:449:19\n    at Array.forEach (<anonymous>)\n    at Request.userCallback (C:\\proyectos\\app\\core_app\\server\\node_modules\\mssql\\lib\\tedious\\request.js:446:46)\n    at Request.callback (C:\\proyectos\\app\\core_app\\server\\node_modules\\tedious\\lib\\request.js:205:14)\n    at C:\\proyectos\\app\\core_app\\server\\node_modules\\tedious\\lib\\connection.js:2866:24\n    at process.processTicksAndRejections (node:internal/process/task_queues:95:5)","timestamp":"2025-01-18T20:47:15.338Z"}
{"level":"error","message":"Error transfiriendo datos: operation timed out for an unknown reason","stack":"Error: operation timed out for an unknown reason\n    at C:\\proyectos\\app\\core_app\\server\\node_modules\\tarn\\dist\\PendingOperation.js:17:27","timestamp":"2025-01-18T20:48:30.848Z"}
{"level":"error","message":"Error transfiriendo datos: operation timed out for an unknown reason","stack":"Error: operation timed out for an unknown reason\n    at C:\\proyectos\\app\\core_app\\server\\node_modules\\tarn\\dist\\PendingOperation.js:17:27","timestamp":"2025-01-18T20:49:30.351Z"}
{"level":"error","message":"Error transfiriendo datos: operation timed out for an unknown reason","stack":"Error: operation timed out for an unknown reason\n    at C:\\proyectos\\app\\core_app\\server\\node_modules\\tarn\\dist\\PendingOperation.js:17:27","timestamp":"2025-01-18T20:50:30.943Z"}
{"level":"error","message":"Error transfiriendo datos: operation timed out for an unknown reason","stack":"Error: operation timed out for an unknown reason\n    at C:\\proyectos\\app\\core_app\\server\\node_modules\\tarn\\dist\\PendingOperation.js:17:27","timestamp":"2025-01-18T20:51:30.535Z"}
{"level":"error","message":"Error transfiriendo datos: operation timed out for an unknown reason","stack":"Error: operation timed out for an unknown reason\n    at C:\\proyectos\\app\\core_app\\server\\node_modules\\tarn\\dist\\PendingOperation.js:17:27","timestamp":"2025-01-18T20:52:31.027Z"}
{"level":"error","message":"Error transfiriendo datos: operation timed out for an unknown reason","stack":"Error: operation timed out for an unknown reason\n    at C:\\proyectos\\app\\core_app\\server\\node_modules\\tarn\\dist\\PendingOperation.js:17:27","timestamp":"2025-01-18T20:53:30.584Z"}
{"level":"error","message":"Error transfiriendo datos: operation timed out for an unknown reason","stack":"Error: operation timed out for an unknown reason\n    at C:\\proyectos\\app\\core_app\\server\\node_modules\\tarn\\dist\\PendingOperation.js:17:27","timestamp":"2025-01-18T20:54:30.121Z"}
{"level":"error","message":"Error transfiriendo datos: operation timed out for an unknown reason","stack":"Error: operation timed out for an unknown reason\n    at C:\\proyectos\\app\\core_app\\server\\node_modules\\tarn\\dist\\PendingOperation.js:17:27","timestamp":"2025-01-18T20:55:30.708Z"}
{"class":14,"code":"EREQUEST","level":"error","lineNumber":2,"message":"Error transfiriendo datos: Violation of PRIMARY KEY constraint 'PK_implt_client'. Cannot insert duplicate key in object 'telynet.implt_client'. The duplicate key value is (C001).","name":"RequestError","number":2627,"originalError":{"info":{"class":14,"handlerName":"onErrorMessage","lineNumber":2,"message":"Violation of PRIMARY KEY constraint 'PK_implt_client'. Cannot insert duplicate key in object 'telynet.implt_client'. The duplicate key value is (C001).","name":"ERROR","number":2627,"procName":"","serverName":"ciguadr","state":1}},"precedingErrors":[],"procName":"","serverName":"ciguadr","stack":"RequestError: Violation of PRIMARY KEY constraint 'PK_implt_client'. Cannot insert duplicate key in object 'telynet.implt_client'. The duplicate key value is (C001).\n    at handleError (C:\\proyectos\\app\\core_app\\server\\node_modules\\mssql\\lib\\tedious\\request.js:384:15)\n    at Connection.emit (node:events:517:28)\n    at Connection.emit (C:\\proyectos\\app\\core_app\\server\\node_modules\\tedious\\lib\\connection.js:1040:18)\n    at RequestTokenHandler.onErrorMessage (C:\\proyectos\\app\\core_app\\server\\node_modules\\tedious\\lib\\token\\handler.js:365:21)\n    at Readable.<anonymous> (C:\\proyectos\\app\\core_app\\server\\node_modules\\tedious\\lib\\token\\token-stream-parser.js:26:33)\n    at Readable.emit (node:events:517:28)\n    at addChunk (node:internal/streams/readable:368:12)\n    at readableAddChunk (node:internal/streams/readable:341:9)\n    at Readable.push (node:internal/streams/readable:278:10)\n    at next (node:internal/streams/from:98:31)","state":1,"timestamp":"2025-01-18T20:57:00.239Z"}
{"class":14,"code":"EREQUEST","level":"error","lineNumber":2,"message":"Error transfiriendo datos: Violation of PRIMARY KEY constraint 'PK_implt_client'. Cannot insert duplicate key in object 'telynet.implt_client'. The duplicate key value is (C001).","name":"RequestError","number":2627,"originalError":{"info":{"class":14,"handlerName":"onErrorMessage","lineNumber":2,"message":"Violation of PRIMARY KEY constraint 'PK_implt_client'. Cannot insert duplicate key in object 'telynet.implt_client'. The duplicate key value is (C001).","name":"ERROR","number":2627,"procName":"","serverName":"ciguadr","state":1}},"precedingErrors":[],"procName":"","serverName":"ciguadr","stack":"RequestError: Violation of PRIMARY KEY constraint 'PK_implt_client'. Cannot insert duplicate key in object 'telynet.implt_client'. The duplicate key value is (C001).\n    at handleError (C:\\proyectos\\app\\core_app\\server\\node_modules\\mssql\\lib\\tedious\\request.js:384:15)\n    at Connection.emit (node:events:517:28)\n    at Connection.emit (C:\\proyectos\\app\\core_app\\server\\node_modules\\tedious\\lib\\connection.js:1040:18)\n    at RequestTokenHandler.onErrorMessage (C:\\proyectos\\app\\core_app\\server\\node_modules\\tedious\\lib\\token\\handler.js:365:21)\n    at Readable.<anonymous> (C:\\proyectos\\app\\core_app\\server\\node_modules\\tedious\\lib\\token\\token-stream-parser.js:26:33)\n    at Readable.emit (node:events:517:28)\n    at addChunk (node:internal/streams/readable:368:12)\n    at readableAddChunk (node:internal/streams/readable:341:9)\n    at Readable.push (node:internal/streams/readable:278:10)\n    at next (node:internal/streams/from:98:31)","state":1,"timestamp":"2025-01-18T20:58:00.416Z"}
{"class":14,"code":"EREQUEST","level":"error","lineNumber":2,"message":"Error transfiriendo datos: Violation of PRIMARY KEY constraint 'PK_implt_client'. Cannot insert duplicate key in object 'telynet.implt_client'. The duplicate key value is (C001).","name":"RequestError","number":2627,"originalError":{"info":{"class":14,"handlerName":"onErrorMessage","lineNumber":2,"message":"Violation of PRIMARY KEY constraint 'PK_implt_client'. Cannot insert duplicate key in object 'telynet.implt_client'. The duplicate key value is (C001).","name":"ERROR","number":2627,"procName":"","serverName":"ciguadr","state":1}},"precedingErrors":[],"procName":"","serverName":"ciguadr","stack":"RequestError: Violation of PRIMARY KEY constraint 'PK_implt_client'. Cannot insert duplicate key in object 'telynet.implt_client'. The duplicate key value is (C001).\n    at handleError (C:\\proyectos\\app\\core_app\\server\\node_modules\\mssql\\lib\\tedious\\request.js:384:15)\n    at Connection.emit (node:events:517:28)\n    at Connection.emit (C:\\proyectos\\app\\core_app\\server\\node_modules\\tedious\\lib\\connection.js:1040:18)\n    at RequestTokenHandler.onErrorMessage (C:\\proyectos\\app\\core_app\\server\\node_modules\\tedious\\lib\\token\\handler.js:365:21)\n    at Readable.<anonymous> (C:\\proyectos\\app\\core_app\\server\\node_modules\\tedious\\lib\\token\\token-stream-parser.js:26:33)\n    at Readable.emit (node:events:517:28)\n    at addChunk (node:internal/streams/readable:368:12)\n    at readableAddChunk (node:internal/streams/readable:341:9)\n    at Readable.push (node:internal/streams/readable:278:10)\n    at next (node:internal/streams/from:98:31)","state":1,"timestamp":"2025-01-18T20:59:00.180Z"}
{"level":"info","message":"Datos transferidos exitosamente","timestamp":"2025-01-18T21:00:00.486Z"}
{"level":"info","message":"No hay datos nuevos para transferir","timestamp":"2025-01-18T21:01:00.995Z"}
{"level":"info","message":"No hay datos nuevos para transferir","timestamp":"2025-01-18T21:02:00.486Z"}
{"level":"info","message":"No hay datos nuevos para transferir","timestamp":"2025-01-18T21:03:00.974Z"}
{"level":"info","message":"No hay datos nuevos para transferir","timestamp":"2025-01-18T21:04:00.472Z"}
{"level":"info","message":"No hay datos nuevos para transferir","timestamp":"2025-01-18T21:05:00.932Z"}
{"level":"info","message":"No hay datos nuevos para transferir","timestamp":"2025-01-18T21:06:00.406Z"}
{"level":"info","message":"No hay datos nuevos para transferir","timestamp":"2025-01-18T21:07:00.953Z"}
{"level":"info","message":"No hay datos nuevos para transferir","timestamp":"2025-01-18T21:08:00.514Z"}
{"level":"info","message":"No hay datos nuevos para transferir","timestamp":"2025-01-18T21:09:00.976Z"}
{"level":"info","message":"No hay datos nuevos para transferir","timestamp":"2025-01-18T21:10:00.562Z"}
{"level":"info","message":"No hay datos nuevos para transferir","timestamp":"2025-01-18T21:11:00.169Z"}
{"level":"info","message":"No hay datos nuevos para transferir","timestamp":"2025-01-18T21:12:07.854Z"}
{"level":"info","message":"No hay datos nuevos para transferir","timestamp":"2025-01-18T21:13:03.301Z"}
{"level":"info","message":"No hay datos nuevos para transferir","timestamp":"2025-01-18T21:14:00.790Z"}
{"level":"info","message":"No hay datos nuevos para transferir","timestamp":"2025-01-18T21:15:28.757Z"}
{"level":"info","message":"No hay datos nuevos para transferir","timestamp":"2025-01-18T21:16:00.805Z"}
{"level":"info","message":"No hay datos nuevos para transferir","timestamp":"2025-01-18T21:18:03.658Z"}
{"level":"info","message":"No hay datos nuevos para transferir","timestamp":"2025-01-18T21:19:00.474Z"}
{"level":"info","message":"No hay datos nuevos para transferir","timestamp":"2025-01-18T21:20:00.941Z"}
{"level":"info","message":"No hay datos nuevos para transferir","timestamp":"2025-01-18T21:21:00.493Z"}
{"level":"info","message":"No hay datos nuevos para transferir","timestamp":"2025-01-18T21:22:00.520Z"}
{"level":"info","message":"No hay datos nuevos para transferir","timestamp":"2025-01-18T21:23:21.135Z"}
{"level":"info","message":"No hay datos nuevos para transferir","timestamp":"2025-01-18T21:24:00.526Z"}
{"level":"info","message":"No hay datos nuevos para transferir","timestamp":"2025-01-18T21:25:01.005Z"}
{"level":"info","message":"No hay datos nuevos para transferir","timestamp":"2025-01-18T21:26:00.741Z"}
{"level":"info","message":"No hay datos nuevos para transferir","timestamp":"2025-01-18T21:27:00.270Z"}
{"level":"info","message":"No hay datos nuevos para transferir","timestamp":"2025-01-18T21:28:00.761Z"}
{"level":"info","message":"No hay datos nuevos para transferir","timestamp":"2025-01-18T21:29:00.365Z"}
{"level":"info","message":"No hay datos nuevos para transferir","timestamp":"2025-01-18T21:30:03.397Z"}
{"level":"info","message":"No hay datos nuevos para transferir","timestamp":"2025-01-18T21:31:00.370Z"}
{"level":"info","message":"No hay datos nuevos para transferir","timestamp":"2025-01-18T21:32:00.877Z"}
{"level":"info","message":"No hay datos nuevos para transferir","timestamp":"2025-01-18T21:35:00.821Z"}
{"level":"info","message":"No hay datos nuevos para transferir","timestamp":"2025-01-18T21:40:00.264Z"}
{"level":"info","message":"No hay datos nuevos para transferir","timestamp":"2025-01-18T21:45:17.140Z"}
{"level":"info","message":"No hay datos nuevos para transferir","timestamp":"2025-01-18T21:46:00.469Z"}
{"level":"info","message":"No hay datos nuevos para transferir","timestamp":"2025-01-18T21:50:01.052Z"}
{"level":"info","message":"No hay datos nuevos para transferir","timestamp":"2025-01-18T21:53:00.327Z"}
{"level":"info","message":"No hay datos nuevos para transferir","timestamp":"2025-01-18T21:57:00.228Z"}
{"level":"info","message":"No hay datos nuevos para transferir","timestamp":"2025-01-18T21:58:03.585Z"}
{"level":"info","message":"No hay datos nuevos para transferir","timestamp":"2025-01-18T21:59:13.617Z"}
{"level":"info","message":"No hay datos nuevos para transferir","timestamp":"2025-01-18T22:00:00.667Z"}
{"level":"info","message":"No hay datos nuevos para transferir","timestamp":"2025-01-18T22:01:00.215Z"}
{"level":"info","message":"No hay datos nuevos para transferir","timestamp":"2025-01-18T22:02:00.766Z"}
{"level":"info","message":"No hay datos nuevos para transferir","timestamp":"2025-01-18T22:03:00.641Z"}
{"level":"info","message":"No hay datos nuevos para transferir","timestamp":"2025-01-18T22:04:00.195Z"}
{"level":"info","message":"Datos transferidos exitosamente","timestamp":"2025-01-18T22:05:00.206Z"}
{"level":"info","message":"No hay datos nuevos para transferir","timestamp":"2025-01-18T22:06:00.759Z"}
{"level":"info","message":"No hay datos nuevos para transferir","timestamp":"2025-01-18T22:07:18.805Z"}
{"level":"info","message":"No hay datos nuevos para transferir","timestamp":"2025-01-18T22:08:00.313Z"}
{"level":"info","message":"No hay datos nuevos para transferir","timestamp":"2025-01-18T22:11:00.371Z"}
{"level":"info","message":"No hay datos nuevos para transferir","timestamp":"2025-01-18T22:12:00.916Z"}
{"level":"info","message":"No hay datos nuevos para transferir","timestamp":"2025-01-18T22:13:00.196Z"}
{"level":"info","message":"No hay datos nuevos para transferir","timestamp":"2025-01-18T22:14:00.593Z"}
{"level":"info","message":"No hay datos nuevos para transferir","timestamp":"2025-01-18T22:15:00.247Z"}
{"level":"info","message":"No hay datos nuevos para transferir","timestamp":"2025-01-18T22:16:00.771Z"}
{"level":"info","message":"No hay datos nuevos para transferir","timestamp":"2025-01-18T22:17:00.344Z"}
{"level":"info","message":"No hay datos nuevos para transferir","timestamp":"2025-01-18T22:18:00.874Z"}
{"level":"info","message":"No hay datos nuevos para transferir","timestamp":"2025-01-18T22:19:00.459Z"}
{"level":"info","message":"No hay datos nuevos para transferir","timestamp":"2025-01-18T22:20:00.837Z"}
{"level":"info","message":"No hay datos nuevos para transferir","timestamp":"2025-01-18T22:21:00.320Z"}
{"level":"info","message":"No hay datos nuevos para transferir","timestamp":"2025-01-18T22:22:00.819Z"}
{"level":"info","message":"No hay datos nuevos para transferir","timestamp":"2025-01-18T22:23:51.910Z"}
{"level":"info","message":"No hay datos nuevos para transferir","timestamp":"2025-01-18T22:24:00.844Z"}
{"level":"info","message":"No hay datos nuevos para transferir","timestamp":"2025-01-18T22:25:06.646Z"}
{"level":"info","message":"No hay datos nuevos para transferir","timestamp":"2025-01-18T22:26:00.797Z"}
{"level":"info","message":"No hay datos nuevos para transferir","timestamp":"2025-01-18T22:27:00.075Z"}
{"level":"info","message":"No hay datos nuevos para transferir","timestamp":"2025-01-18T22:28:00.480Z"}
{"level":"info","message":"No hay datos nuevos para transferir","timestamp":"2025-01-18T22:29:00.860Z"}
{"level":"info","message":"No hay datos nuevos para transferir","timestamp":"2025-01-18T22:30:00.268Z"}
{"level":"info","message":"No hay datos nuevos para transferir","timestamp":"2025-01-18T22:31:00.648Z"}
{"level":"info","message":"No hay datos nuevos para transferir","timestamp":"2025-01-18T22:32:01.015Z"}
{"level":"info","message":"No hay datos nuevos para transferir","timestamp":"2025-01-18T22:33:00.408Z"}
{"level":"info","message":"No hay datos nuevos para transferir","timestamp":"2025-01-18T22:34:00.784Z"}
{"level":"info","message":"No hay datos nuevos para transferir","timestamp":"2025-01-18T22:35:00.179Z"}
{"level":"info","message":"No hay datos nuevos para transferir","timestamp":"2025-01-18T22:36:00.602Z"}
{"level":"info","message":"No hay datos nuevos para transferir","timestamp":"2025-01-18T22:37:00.994Z"}
{"level":"info","message":"No hay datos nuevos para transferir","timestamp":"2025-01-18T22:38:00.394Z"}
{"level":"info","message":"No hay datos nuevos para transferir","timestamp":"2025-01-18T22:39:00.830Z"}
{"level":"info","message":"No hay datos nuevos para transferir","timestamp":"2025-01-18T22:40:00.249Z"}
{"level":"info","message":"No hay datos nuevos para transferir","timestamp":"2025-01-18T22:41:00.714Z"}
{"level":"info","message":"No hay datos nuevos para transferir","timestamp":"2025-01-18T22:43:00.436Z"}
{"level":"info","message":"No hay datos nuevos para transferir","timestamp":"2025-01-18T22:44:00.782Z"}
{"level":"info","message":"No hay datos nuevos para transferir","timestamp":"2025-01-18T22:45:00.122Z"}
{"level":"info","message":"No hay datos nuevos para transferir","timestamp":"2025-01-18T22:46:00.502Z"}
{"level":"info","message":"No hay datos nuevos para transferir","timestamp":"2025-01-18T23:00:04.805Z"}
{"level":"info","message":"No hay datos nuevos para transferir","timestamp":"2025-01-18T23:35:00.376Z"}
{"level":"info","message":"No hay datos nuevos para transferir","timestamp":"2025-01-19T00:00:00.951Z"}
{"level":"info","message":"No hay datos nuevos para transferir","timestamp":"2025-01-19T00:35:01.507Z"}
{"level":"info","message":"No hay datos nuevos para transferir","timestamp":"2025-01-19T01:00:01.066Z"}
{"level":"info","message":"No hay datos nuevos para transferir","timestamp":"2025-01-19T01:35:00.394Z"}
{"level":"info","message":"No hay datos nuevos para transferir","timestamp":"2025-01-19T02:00:05.100Z"}
{"level":"info","message":"No hay datos nuevos para transferir","timestamp":"2025-01-19T02:35:00.650Z"}
{"level":"info","message":"No hay datos nuevos para transferir","timestamp":"2025-01-19T03:00:00.641Z"}
{"level":"info","message":"No hay datos nuevos para transferir","timestamp":"2025-01-19T03:35:00.676Z"}
{"level":"info","message":"No hay datos nuevos para transferir","timestamp":"2025-01-19T04:00:01.219Z"}
{"level":"info","message":"No hay datos nuevos para transferir","timestamp":"2025-01-19T04:35:00.281Z"}
{"level":"info","message":"No hay datos nuevos para transferir","timestamp":"2025-01-19T05:00:01.151Z"}
{"level":"info","message":"No hay datos nuevos para transferir","timestamp":"2025-01-19T05:35:00.817Z"}
{"level":"info","message":"Iniciando transferencias programadas...","timestamp":"2025-01-19T06:48:00.040Z"}
{"level":"info","message":"Iniciando Transferencia de Clientes (ID: 1)","timestamp":"2025-01-19T06:48:00.049Z"}
{"level":"info","message":"Transferencia de Clientes: No hay datos nuevos para transferir","timestamp":"2025-01-19T06:48:00.108Z"}
{"level":"info","message":"Transferencia de Clientes completada","metadata":{"id":1,"name":"Transferencia de Clientes","rowsTransferred":0},"timestamp":"2025-01-19T06:48:00.109Z"}
{"level":"info","message":"Todas las transferencias completadas","timestamp":"2025-01-19T06:48:00.110Z"}
{"level":"info","message":"Transferencias programadas completadas","timestamp":"2025-01-19T06:48:00.110Z"}
{"level":"info","message":"Iniciando transferencias programadas...","timestamp":"2025-01-19T06:49:00.604Z"}
{"level":"info","message":"Iniciando Transferencia de Clientes (ID: 1)","timestamp":"2025-01-19T06:49:00.604Z"}
{"level":"info","message":"Transferencia de Clientes: No hay datos nuevos para transferir","timestamp":"2025-01-19T06:49:00.664Z"}
{"level":"info","message":"Transferencia de Clientes completada","metadata":{"id":1,"name":"Transferencia de Clientes","rowsTransferred":0},"timestamp":"2025-01-19T06:49:00.668Z"}
{"level":"info","message":"Todas las transferencias completadas","timestamp":"2025-01-19T06:49:00.669Z"}
{"level":"info","message":"Transferencias programadas completadas","timestamp":"2025-01-19T06:49:00.669Z"}
{"level":"info","message":"Iniciando transferencias programadas...","timestamp":"2025-01-19T06:50:00.171Z"}
{"level":"info","message":"Iniciando Transferencia de Clientes (ID: 1)","timestamp":"2025-01-19T06:50:00.174Z"}
{"level":"info","message":"Transferencia de Clientes: No hay datos nuevos para transferir","timestamp":"2025-01-19T06:50:00.215Z"}
{"level":"info","message":"Transferencia de Clientes completada","metadata":{"id":1,"name":"Transferencia de Clientes","rowsTransferred":0},"timestamp":"2025-01-19T06:50:00.215Z"}
{"level":"info","message":"Todas las transferencias completadas","timestamp":"2025-01-19T06:50:00.215Z"}
{"level":"info","message":"Transferencias programadas completadas","timestamp":"2025-01-19T06:50:00.215Z"}
{"level":"info","message":"Iniciando transferencias programadas...","timestamp":"2025-01-19T07:00:00.512Z"}
{"level":"info","message":"Iniciando Transferencia de Clientes (ID: 1)","timestamp":"2025-01-19T07:00:00.514Z"}
{"level":"info","message":"Transferencia de Clientes: No hay datos nuevos para transferir","timestamp":"2025-01-19T07:00:00.646Z"}
{"level":"info","message":"Transferencia de Clientes completada","metadata":{"id":1,"name":"Transferencia de Clientes","rowsTransferred":0},"timestamp":"2025-01-19T07:00:00.647Z"}
{"level":"info","message":"Todas las transferencias completadas","timestamp":"2025-01-19T07:00:00.648Z"}
{"level":"info","message":"Transferencias programadas completadas","timestamp":"2025-01-19T07:00:00.648Z"}
{"level":"info","message":"Iniciando transferencias programadas...","timestamp":"2025-01-19T07:30:00.748Z"}
{"level":"info","message":"Iniciando Transferencia de Clientes (ID: 1)","timestamp":"2025-01-19T07:30:00.749Z"}
{"level":"info","message":"Transferencia de Clientes: No hay datos nuevos para transferir","timestamp":"2025-01-19T07:30:00.871Z"}
{"level":"info","message":"Transferencia de Clientes completada","metadata":{"id":1,"name":"Transferencia de Clientes","rowsTransferred":0},"timestamp":"2025-01-19T07:30:00.871Z"}
{"level":"info","message":"Todas las transferencias completadas","timestamp":"2025-01-19T07:30:00.872Z"}
{"level":"info","message":"Transferencias programadas completadas","timestamp":"2025-01-19T07:30:00.872Z"}
{"level":"info","message":"Iniciando transferencias programadas...","timestamp":"2025-01-19T08:00:00.753Z"}
{"level":"info","message":"Iniciando Transferencia de Clientes (ID: 1)","timestamp":"2025-01-19T08:00:00.754Z"}
{"level":"info","message":"Transferencia de Clientes: No hay datos nuevos para transferir","timestamp":"2025-01-19T08:00:00.843Z"}
{"level":"info","message":"Transferencia de Clientes completada","metadata":{"id":1,"name":"Transferencia de Clientes","rowsTransferred":0},"timestamp":"2025-01-19T08:00:00.844Z"}
{"level":"info","message":"Todas las transferencias completadas","timestamp":"2025-01-19T08:00:00.844Z"}
{"level":"info","message":"Transferencias programadas completadas","timestamp":"2025-01-19T08:00:00.844Z"}
{"level":"info","message":"Iniciando transferencias programadas...","timestamp":"2025-01-19T08:30:00.836Z"}
{"level":"info","message":"Iniciando Transferencia de Clientes (ID: 1)","timestamp":"2025-01-19T08:30:00.837Z"}
{"level":"info","message":"Transferencia de Clientes: No hay datos nuevos para transferir","timestamp":"2025-01-19T08:30:00.916Z"}
{"level":"info","message":"Transferencia de Clientes completada","metadata":{"id":1,"name":"Transferencia de Clientes","rowsTransferred":0},"timestamp":"2025-01-19T08:30:00.916Z"}
{"level":"info","message":"Todas las transferencias completadas","timestamp":"2025-01-19T08:30:00.917Z"}
{"level":"info","message":"Transferencias programadas completadas","timestamp":"2025-01-19T08:30:00.917Z"}
{"level":"info","message":"Iniciando transferencias programadas...","timestamp":"2025-01-19T09:00:00.957Z"}
{"level":"info","message":"Iniciando Transferencia de Clientes (ID: 1)","timestamp":"2025-01-19T09:00:00.960Z"}
{"level":"info","message":"Transferencia de Clientes: No hay datos nuevos para transferir","timestamp":"2025-01-19T09:00:01.039Z"}
{"level":"info","message":"Transferencia de Clientes completada","metadata":{"id":1,"name":"Transferencia de Clientes","rowsTransferred":0},"timestamp":"2025-01-19T09:00:01.039Z"}
{"level":"info","message":"Todas las transferencias completadas","timestamp":"2025-01-19T09:00:01.040Z"}
{"level":"info","message":"Transferencias programadas completadas","timestamp":"2025-01-19T09:00:01.040Z"}
{"level":"info","message":"Iniciando transferencias programadas...","timestamp":"2025-01-19T09:30:00.131Z"}
{"level":"info","message":"Iniciando Transferencia de Clientes (ID: 1)","timestamp":"2025-01-19T09:30:00.131Z"}
{"level":"info","message":"Transferencia de Clientes: No hay datos nuevos para transferir","timestamp":"2025-01-19T09:30:00.193Z"}
{"level":"info","message":"Transferencia de Clientes completada","metadata":{"id":1,"name":"Transferencia de Clientes","rowsTransferred":0},"timestamp":"2025-01-19T09:30:00.194Z"}
{"level":"info","message":"Todas las transferencias completadas","timestamp":"2025-01-19T09:30:00.194Z"}
{"level":"info","message":"Transferencias programadas completadas","timestamp":"2025-01-19T09:30:00.194Z"}
{"level":"info","message":"Iniciando transferencias programadas...","timestamp":"2025-01-19T10:00:00.022Z"}
{"level":"info","message":"Iniciando Transferencia de Clientes (ID: 1)","timestamp":"2025-01-19T10:00:00.023Z"}
{"level":"info","message":"Transferencia de Clientes: No hay datos nuevos para transferir","timestamp":"2025-01-19T10:00:00.136Z"}
{"level":"info","message":"Transferencia de Clientes completada","metadata":{"id":1,"name":"Transferencia de Clientes","rowsTransferred":0},"timestamp":"2025-01-19T10:00:00.136Z"}
{"level":"info","message":"Todas las transferencias completadas","timestamp":"2025-01-19T10:00:00.138Z"}
{"level":"info","message":"Transferencias programadas completadas","timestamp":"2025-01-19T10:00:00.139Z"}
{"level":"info","message":"Iniciando transferencias programadas...","timestamp":"2025-01-19T10:30:00.090Z"}
{"level":"info","message":"Iniciando Transferencia de Clientes (ID: 1)","timestamp":"2025-01-19T10:30:00.090Z"}
{"level":"info","message":"Transferencia de Clientes: No hay datos nuevos para transferir","timestamp":"2025-01-19T10:30:00.163Z"}
{"level":"info","message":"Transferencia de Clientes completada","metadata":{"id":1,"name":"Transferencia de Clientes","rowsTransferred":0},"timestamp":"2025-01-19T10:30:00.164Z"}
{"level":"info","message":"Todas las transferencias completadas","timestamp":"2025-01-19T10:30:00.164Z"}
{"level":"info","message":"Transferencias programadas completadas","timestamp":"2025-01-19T10:30:00.165Z"}
{"level":"info","message":"Iniciando transferencias programadas...","timestamp":"2025-01-19T11:00:00.201Z"}
{"level":"info","message":"Iniciando Transferencia de Clientes (ID: 1)","timestamp":"2025-01-19T11:00:00.201Z"}
{"level":"info","message":"Transferencia de Clientes: No hay datos nuevos para transferir","timestamp":"2025-01-19T11:00:00.273Z"}
{"level":"info","message":"Transferencia de Clientes completada","metadata":{"id":1,"name":"Transferencia de Clientes","rowsTransferred":0},"timestamp":"2025-01-19T11:00:00.274Z"}
{"level":"info","message":"Todas las transferencias completadas","timestamp":"2025-01-19T11:00:00.274Z"}
{"level":"info","message":"Transferencias programadas completadas","timestamp":"2025-01-19T11:00:00.274Z"}
{"level":"info","message":"Iniciando transferencias programadas...","timestamp":"2025-01-19T11:30:00.183Z"}
{"level":"info","message":"Iniciando Transferencia de Clientes (ID: 1)","timestamp":"2025-01-19T11:30:00.184Z"}
{"level":"info","message":"Transferencia de Clientes: No hay datos nuevos para transferir","timestamp":"2025-01-19T11:30:00.273Z"}
{"level":"info","message":"Transferencia de Clientes completada","metadata":{"id":1,"name":"Transferencia de Clientes","rowsTransferred":0},"timestamp":"2025-01-19T11:30:00.273Z"}
{"level":"info","message":"Todas las transferencias completadas","timestamp":"2025-01-19T11:30:00.273Z"}
{"level":"info","message":"Transferencias programadas completadas","timestamp":"2025-01-19T11:30:00.274Z"}
{"level":"info","message":"Iniciando transferencias programadas...","timestamp":"2025-01-19T12:00:00.625Z"}
{"level":"info","message":"Iniciando Transferencia de Clientes (ID: 1)","timestamp":"2025-01-19T12:00:00.625Z"}
{"level":"info","message":"Transferencia de Clientes: No hay datos nuevos para transferir","timestamp":"2025-01-19T12:00:00.715Z"}
{"level":"info","message":"Transferencia de Clientes completada","metadata":{"id":1,"name":"Transferencia de Clientes","rowsTransferred":0},"timestamp":"2025-01-19T12:00:00.715Z"}
{"level":"info","message":"Todas las transferencias completadas","timestamp":"2025-01-19T12:00:00.715Z"}
{"level":"info","message":"Transferencias programadas completadas","timestamp":"2025-01-19T12:00:00.716Z"}
{"level":"info","message":"Iniciando transferencias programadas...","timestamp":"2025-01-19T12:30:00.065Z"}
{"level":"info","message":"Iniciando Transferencia de Clientes (ID: 1)","timestamp":"2025-01-19T12:30:00.066Z"}
{"level":"info","message":"Transferencia de Clientes: No hay datos nuevos para transferir","timestamp":"2025-01-19T12:30:00.167Z"}
{"level":"info","message":"Transferencia de Clientes completada","metadata":{"id":1,"name":"Transferencia de Clientes","rowsTransferred":0},"timestamp":"2025-01-19T12:30:00.170Z"}
{"level":"info","message":"Todas las transferencias completadas","timestamp":"2025-01-19T12:30:00.170Z"}
{"level":"info","message":"Transferencias programadas completadas","timestamp":"2025-01-19T12:30:00.170Z"}
{"level":"info","message":"Iniciando transferencias programadas...","timestamp":"2025-01-19T13:00:00.451Z"}
{"level":"info","message":"Iniciando Transferencia de Clientes (ID: 1)","timestamp":"2025-01-19T13:00:00.456Z"}
{"level":"info","message":"Transferencia de Clientes: No hay datos nuevos para transferir","timestamp":"2025-01-19T13:00:00.582Z"}
{"level":"info","message":"Transferencia de Clientes completada","metadata":{"id":1,"name":"Transferencia de Clientes","rowsTransferred":0},"timestamp":"2025-01-19T13:00:00.582Z"}
{"level":"info","message":"Todas las transferencias completadas","timestamp":"2025-01-19T13:00:00.583Z"}
{"level":"info","message":"Transferencias programadas completadas","timestamp":"2025-01-19T13:00:00.583Z"}
{"level":"info","message":"Iniciando transferencias programadas...","timestamp":"2025-01-19T13:30:00.426Z"}
{"level":"info","message":"Iniciando Transferencia de Clientes (ID: 1)","timestamp":"2025-01-19T13:30:00.427Z"}
{"level":"info","message":"Transferencia de Clientes: No hay datos nuevos para transferir","timestamp":"2025-01-19T13:30:00.504Z"}
{"level":"info","message":"Transferencia de Clientes completada","metadata":{"id":1,"name":"Transferencia de Clientes","rowsTransferred":0},"timestamp":"2025-01-19T13:30:00.504Z"}
{"level":"info","message":"Todas las transferencias completadas","timestamp":"2025-01-19T13:30:00.505Z"}
{"level":"info","message":"Transferencias programadas completadas","timestamp":"2025-01-19T13:30:00.505Z"}
{"level":"info","message":"Iniciando transferencias programadas...","timestamp":"2025-01-19T14:00:00.076Z"}
{"level":"info","message":"Iniciando Transferencia de Clientes (ID: 1)","timestamp":"2025-01-19T14:00:00.076Z"}
{"level":"info","message":"Transferencia de Clientes: No hay datos nuevos para transferir","timestamp":"2025-01-19T14:00:00.162Z"}
{"level":"info","message":"Transferencia de Clientes completada","metadata":{"id":1,"name":"Transferencia de Clientes","rowsTransferred":0},"timestamp":"2025-01-19T14:00:00.162Z"}
{"level":"info","message":"Todas las transferencias completadas","timestamp":"2025-01-19T14:00:00.163Z"}
{"level":"info","message":"Transferencias programadas completadas","timestamp":"2025-01-19T14:00:00.163Z"}
{"level":"info","message":"Iniciando transferencias programadas...","timestamp":"2025-01-19T14:30:00.852Z"}
{"level":"info","message":"Iniciando Transferencia de Clientes (ID: 1)","timestamp":"2025-01-19T14:30:00.853Z"}
{"level":"info","message":"Transferencia de Clientes: No hay datos nuevos para transferir","timestamp":"2025-01-19T14:30:00.933Z"}
{"level":"info","message":"Transferencia de Clientes completada","metadata":{"id":1,"name":"Transferencia de Clientes","rowsTransferred":0},"timestamp":"2025-01-19T14:30:00.937Z"}
{"level":"info","message":"Todas las transferencias completadas","timestamp":"2025-01-19T14:30:00.937Z"}
{"level":"info","message":"Transferencias programadas completadas","timestamp":"2025-01-19T14:30:00.937Z"}
{"level":"info","message":"Iniciando transferencias programadas...","timestamp":"2025-01-19T15:00:00.421Z"}
{"level":"info","message":"Iniciando Transferencia de Clientes (ID: 1)","timestamp":"2025-01-19T15:00:00.422Z"}
{"level":"info","message":"Transferencia de Clientes: No hay datos nuevos para transferir","timestamp":"2025-01-19T15:00:00.563Z"}
{"level":"info","message":"Transferencia de Clientes completada","metadata":{"id":1,"name":"Transferencia de Clientes","rowsTransferred":0},"timestamp":"2025-01-19T15:00:00.564Z"}
{"level":"info","message":"Todas las transferencias completadas","timestamp":"2025-01-19T15:00:00.564Z"}
{"level":"info","message":"Transferencias programadas completadas","timestamp":"2025-01-19T15:00:00.565Z"}
{"level":"info","message":"Iniciando transferencias programadas...","timestamp":"2025-01-19T15:30:00.343Z"}
{"level":"info","message":"Iniciando Transferencia de Clientes (ID: 1)","timestamp":"2025-01-19T15:30:00.344Z"}
{"level":"info","message":"Transferencia de Clientes: No hay datos nuevos para transferir","timestamp":"2025-01-19T15:30:00.435Z"}
{"level":"info","message":"Transferencia de Clientes completada","metadata":{"id":1,"name":"Transferencia de Clientes","rowsTransferred":0},"timestamp":"2025-01-19T15:30:00.436Z"}
{"level":"info","message":"Todas las transferencias completadas","timestamp":"2025-01-19T15:30:00.436Z"}
{"level":"info","message":"Transferencias programadas completadas","timestamp":"2025-01-19T15:30:00.436Z"}
{"level":"info","message":"Iniciando transferencias programadas...","timestamp":"2025-01-19T16:00:00.967Z"}
{"level":"info","message":"Iniciando Transferencia de Clientes (ID: 1)","timestamp":"2025-01-19T16:00:00.968Z"}
{"level":"info","message":"Transferencia de Clientes: No hay datos nuevos para transferir","timestamp":"2025-01-19T16:00:01.090Z"}
{"level":"info","message":"Transferencia de Clientes completada","metadata":{"id":1,"name":"Transferencia de Clientes","rowsTransferred":0},"timestamp":"2025-01-19T16:00:01.090Z"}
{"level":"info","message":"Todas las transferencias completadas","timestamp":"2025-01-19T16:00:01.091Z"}
{"level":"info","message":"Transferencias programadas completadas","timestamp":"2025-01-19T16:00:01.091Z"}
{"level":"info","message":"Iniciando transferencias programadas...","timestamp":"2025-01-19T16:30:00.509Z"}
{"level":"info","message":"Iniciando Transferencia de Clientes (ID: 1)","timestamp":"2025-01-19T16:30:00.509Z"}
{"level":"info","message":"Transferencia de Clientes: No hay datos nuevos para transferir","timestamp":"2025-01-19T16:30:00.604Z"}
{"level":"info","message":"Transferencia de Clientes completada","metadata":{"id":1,"name":"Transferencia de Clientes","rowsTransferred":0},"timestamp":"2025-01-19T16:30:00.606Z"}
{"level":"info","message":"Todas las transferencias completadas","timestamp":"2025-01-19T16:30:00.606Z"}
{"level":"info","message":"Transferencias programadas completadas","timestamp":"2025-01-19T16:30:00.607Z"}
{"level":"info","message":"Iniciando transferencias programadas...","timestamp":"2025-01-19T17:00:00.258Z"}
{"level":"info","message":"Iniciando Transferencia de Clientes (ID: 1)","timestamp":"2025-01-19T17:00:00.260Z"}
{"level":"info","message":"Transferencia de Clientes: No hay datos nuevos para transferir","timestamp":"2025-01-19T17:00:00.350Z"}
{"level":"info","message":"Transferencia de Clientes completada","metadata":{"id":1,"name":"Transferencia de Clientes","rowsTransferred":0},"timestamp":"2025-01-19T17:00:00.351Z"}
{"level":"info","message":"Todas las transferencias completadas","timestamp":"2025-01-19T17:00:00.351Z"}
{"level":"info","message":"Transferencias programadas completadas","timestamp":"2025-01-19T17:00:00.351Z"}
{"level":"info","message":"Iniciando transferencias programadas...","timestamp":"2025-01-19T17:30:00.177Z"}
{"level":"info","message":"Iniciando Transferencia de Clientes (ID: 1)","timestamp":"2025-01-19T17:30:00.178Z"}
{"level":"info","message":"Transferencia de Clientes: No hay datos nuevos para transferir","timestamp":"2025-01-19T17:30:00.275Z"}
{"level":"info","message":"Transferencia de Clientes completada","metadata":{"id":1,"name":"Transferencia de Clientes","rowsTransferred":0},"timestamp":"2025-01-19T17:30:00.275Z"}
{"level":"info","message":"Todas las transferencias completadas","timestamp":"2025-01-19T17:30:00.276Z"}
{"level":"info","message":"Transferencias programadas completadas","timestamp":"2025-01-19T17:30:00.276Z"}
{"level":"info","message":"Iniciando transferencias programadas...","timestamp":"2025-01-19T18:00:00.400Z"}
{"level":"info","message":"Iniciando Transferencia de Clientes (ID: 1)","timestamp":"2025-01-19T18:00:00.401Z"}
{"level":"info","message":"Transferencia de Clientes: No hay datos nuevos para transferir","timestamp":"2025-01-19T18:00:00.489Z"}
{"level":"info","message":"Transferencia de Clientes completada","metadata":{"id":1,"name":"Transferencia de Clientes","rowsTransferred":0},"timestamp":"2025-01-19T18:00:00.489Z"}
{"level":"info","message":"Todas las transferencias completadas","timestamp":"2025-01-19T18:00:00.490Z"}
{"level":"info","message":"Transferencias programadas completadas","timestamp":"2025-01-19T18:00:00.490Z"}
{"level":"info","message":"Iniciando transferencias programadas...","timestamp":"2025-01-19T19:00:00.307Z"}
{"level":"info","message":"Iniciando Transferencia de Clientes (ID: 1)","timestamp":"2025-01-19T19:00:00.315Z"}
{"level":"info","message":"Transferencia de Clientes: No hay datos nuevos para transferir","timestamp":"2025-01-19T19:00:00.449Z"}
{"level":"info","message":"Transferencia de Clientes completada","metadata":{"id":1,"name":"Transferencia de Clientes","rowsTransferred":0},"timestamp":"2025-01-19T19:00:00.449Z"}
{"level":"info","message":"Todas las transferencias completadas","timestamp":"2025-01-19T19:00:00.450Z"}
{"level":"info","message":"Transferencias programadas completadas","timestamp":"2025-01-19T19:00:00.451Z"}
{"level":"info","message":"Iniciando transferencias programadas...","timestamp":"2025-01-19T19:30:00.936Z"}
{"level":"info","message":"Iniciando Transferencia de Clientes (ID: 1)","timestamp":"2025-01-19T19:30:00.957Z"}
{"level":"error","message":"Error en Transferencia de Clientes (Intento 1): Invalid object name 'CATELLI.CLIENTE'.","timestamp":"2025-01-19T19:30:01.053Z"}
{"level":"warn","message":"Reintento 1 para Transferencia de Clientes","timestamp":"2025-01-19T19:30:04.066Z"}
{"level":"error","message":"Error en Transferencia de Clientes (Intento 2): Invalid object name 'CATELLI.CLIENTE'.","timestamp":"2025-01-19T19:30:04.075Z"}
{"level":"warn","message":"Reintento 2 para Transferencia de Clientes","timestamp":"2025-01-19T19:30:07.084Z"}
{"level":"error","message":"Error en Transferencia de Clientes (Intento 3): Invalid object name 'CATELLI.CLIENTE'.","timestamp":"2025-01-19T19:30:07.096Z"}
{"level":"error","message":"Error en Transferencia de Clientes (ID: 1):","metadata":{"error":"Fallo en Transferencia de Clientes despus de 3 intentos: Invalid object name 'CATELLI.CLIENTE'.","id":1,"name":"Transferencia de Clientes"},"timestamp":"2025-01-19T19:30:07.097Z"}
{"level":"error","message":"Error en las transferencias programadas: Fallo en Transferencia de Clientes: Fallo en Transferencia de Clientes despus de 3 intentos: Invalid object name 'CATELLI.CLIENTE'.","timestamp":"2025-01-19T19:30:07.099Z"}
{"level":"info","message":"Iniciando transferencias programadas...","timestamp":"2025-01-19T20:00:00.062Z"}
{"level":"info","message":"Iniciando Transferencia de Clientes (ID: 1)","timestamp":"2025-01-19T20:00:00.063Z"}
{"level":"error","message":"Error en Transferencia de Clientes (Intento 1): Invalid object name 'CATELLI.CLIENTE'.","timestamp":"2025-01-19T20:00:00.103Z"}
{"level":"warn","message":"Reintento 1 para Transferencia de Clientes","timestamp":"2025-01-19T20:00:03.110Z"}
{"level":"error","message":"Error en Transferencia de Clientes (Intento 2): Invalid object name 'CATELLI.CLIENTE'.","timestamp":"2025-01-19T20:00:03.120Z"}
{"level":"warn","message":"Reintento 2 para Transferencia de Clientes","timestamp":"2025-01-19T20:00:06.129Z"}
{"level":"error","message":"Error en Transferencia de Clientes (Intento 3): Invalid object name 'CATELLI.CLIENTE'.","timestamp":"2025-01-19T20:00:06.136Z"}
{"level":"error","message":"Error en Transferencia de Clientes (ID: 1):","metadata":{"error":"Fallo en Transferencia de Clientes despus de 3 intentos: Invalid object name 'CATELLI.CLIENTE'.","id":1,"name":"Transferencia de Clientes"},"timestamp":"2025-01-19T20:00:06.136Z"}
{"level":"error","message":"Error en las transferencias programadas: Fallo en Transferencia de Clientes: Fallo en Transferencia de Clientes despus de 3 intentos: Invalid object name 'CATELLI.CLIENTE'.","timestamp":"2025-01-19T20:00:06.137Z"}
