{"environment":"development","level":"info","logLevel":"info","message":"🚀 Sistema de logging inicializado","mongoEnabled":false,"pid":28796,"service":"transfer-control","source":"system","timestamp":"2025-10-21T06:45:54.438Z","transports":4,"version":"1.0.0"}
{"environment":"development","level":"debug","message":"Ejecutando comprobación de servidores...","pid":28796,"service":"transfer-control","timestamp":"2025-10-21T06:45:54.487Z","version":"1.0.0"}
{"environment":"development","level":"info","message":"Servicio de monitoreo de servidores iniciado (intervalo: 5 minutos)","pid":28796,"service":"transfer-control","timestamp":"2025-10-21T06:45:54.492Z","version":"1.0.0"}
{"environment":"development","level":"info","message":"Saltando mongodb: configuración MongoDB","pid":28796,"service":"transfer-control","timestamp":"2025-10-21T06:45:54.510Z","version":"1.0.0"}
{"environment":"development","level":"info","message":"Cargando 2 configuraciones SQL Server válidas","pid":28796,"service":"transfer-control","timestamp":"2025-10-21T06:45:54.511Z","version":"1.0.0"}
{"environment":"development","level":"info","message":"Creando pool para server1...","pid":28796,"service":"transfer-control","timestamp":"2025-10-21T06:45:54.511Z","version":"1.0.0"}
{"environment":"development","level":"debug","message":"server1: Usando puerto 1433","pid":28796,"service":"transfer-control","timestamp":"2025-10-21T06:45:54.512Z","version":"1.0.0"}
{"database":"EXACTUS","environment":"development","level":"debug","message":"Configuración final para server1:","pid":28796,"port":1433,"server":"10.0.10.120","service":"transfer-control","timestamp":"2025-10-21T06:45:54.512Z","version":"1.0.0"}
{"environment":"development","level":"info","message":"Pool creado exitosamente para server1","pid":28796,"service":"transfer-control","timestamp":"2025-10-21T06:45:54.514Z","version":"1.0.0"}
{"environment":"development","level":"info","message":"Creando pool para server2...","pid":28796,"service":"transfer-control","timestamp":"2025-10-21T06:45:54.515Z","version":"1.0.0"}
{"environment":"development","level":"debug","message":"server2: Usando instancia 'calidadstdb' (puerto ignorado)","pid":28796,"service":"transfer-control","timestamp":"2025-10-21T06:45:54.515Z","version":"1.0.0"}
{"database":"stdb_gnd","environment":"development","instance":"calidadstdb","level":"debug","message":"Configuración final para server2:","pid":28796,"server":"sql-calidad.miami","service":"transfer-control","timestamp":"2025-10-21T06:45:54.515Z","version":"1.0.0"}
{"environment":"development","level":"info","message":"Pool creado exitosamente para server2","pid":28796,"service":"transfer-control","timestamp":"2025-10-21T06:45:54.516Z","version":"1.0.0"}
{"environment":"development","level":"info","message":"DatabaseService inicializado exitosamente con 2 pools","pid":28796,"service":"transfer-control","timestamp":"2025-10-21T06:45:54.516Z","version":"1.0.0"}
{"environment":"development","level":"info","message":"DatabaseServiceAdapter inicializado","pid":28796,"service":"transfer-control","timestamp":"2025-10-21T06:45:54.516Z","version":"1.0.0"}
{"environment":"development","level":"debug","message":"[conn-1761029154518-9ja9f] Solicitando conexión para server1","pid":28796,"service":"transfer-control","timestamp":"2025-10-21T06:45:54.518Z","version":"1.0.0"}
{"environment":"development","level":"debug","message":"[conn-1761029154518-9ja9f] Adquiriendo conexión del pool...","pid":28796,"service":"transfer-control","timestamp":"2025-10-21T06:45:54.518Z","version":"1.0.0"}
{"cause":{"code":"ENOTFOUND","errno":-3008,"hostname":"sql-calidad.miami","syscall":"getaddrinfo"},"code":"EINSTLOOKUP","environment":"development","level":"error","message":"Error conectando a server2: getaddrinfo ENOTFOUND sql-calidad.miami","pid":28796,"service":"transfer-control","stack":"Error: getaddrinfo ENOTFOUND sql-calidad.miami\n    at D:\\proyectos\\app\\core_app\\server\\node_modules\\tedious\\lib\\connection.js:1006:32\n    at process.processTicksAndRejections (node:internal/process/task_queues:85:11)","timestamp":"2025-10-21T06:45:54.522Z","version":"1.0.0"}
{"cause":{"code":"ENOTFOUND","errno":-3008,"hostname":"sql-calidad.miami","syscall":"getaddrinfo"},"code":"EINSTLOOKUP","environment":"development","level":"error","message":"Error creando conexión en pool server2: getaddrinfo ENOTFOUND sql-calidad.miami","pid":28796,"service":"transfer-control","stack":"Error: getaddrinfo ENOTFOUND sql-calidad.miami\n    at D:\\proyectos\\app\\core_app\\server\\node_modules\\tedious\\lib\\connection.js:1006:32\n    at process.processTicksAndRejections (node:internal/process/task_queues:85:11)","timestamp":"2025-10-21T06:45:54.522Z","version":"1.0.0"}
{"environment":"development","level":"debug","message":"Conexión creada exitosamente para server1","pid":28796,"service":"transfer-control","timestamp":"2025-10-21T06:45:54.538Z","version":"1.0.0"}
{"environment":"development","level":"debug","message":"[conn-1761029154518-9ja9f] Conexión obtenida exitosamente para server1","pid":28796,"service":"transfer-control","timestamp":"2025-10-21T06:45:54.539Z","version":"1.0.0"}
{"environment":"development","level":"debug","message":"[conn-1761029154518-9ja9f] Conexión liberada para server1","pid":28796,"service":"transfer-control","timestamp":"2025-10-21T06:45:54.539Z","version":"1.0.0"}
{"environment":"development","level":"debug","message":"[conn-1761029154540-d9ru4] Solicitando conexión para server1","pid":28796,"service":"transfer-control","timestamp":"2025-10-21T06:45:54.540Z","version":"1.0.0"}
{"environment":"development","level":"debug","message":"[conn-1761029154540-d9ru4] Adquiriendo conexión del pool...","pid":28796,"service":"transfer-control","timestamp":"2025-10-21T06:45:54.540Z","version":"1.0.0"}
{"environment":"development","level":"debug","message":"[conn-1761029154540-d9ru4] Conexión obtenida exitosamente para server1","pid":28796,"service":"transfer-control","timestamp":"2025-10-21T06:45:54.540Z","version":"1.0.0"}
{"environment":"development","level":"debug","message":"Comprobación de servidores completada","pid":28796,"service":"transfer-control","timestamp":"2025-10-21T06:45:54.550Z","version":"1.0.0"}
{"environment":"development","level":"debug","message":"[conn-1761029154540-d9ru4] Conexión liberada para server1","pid":28796,"service":"transfer-control","timestamp":"2025-10-21T06:45:54.552Z","version":"1.0.0"}
{"environment":"development","level":"info","logLevel":"info","message":"🔄 Iniciando cierre graceful del logger...","pid":28796,"service":"transfer-control","source":"system","timestamp":"2025-10-21T06:47:44.639Z","version":"1.0.0"}
{"environment":"development","level":"info","logLevel":"info","message":"✅ Logger cerrado correctamente","pid":28796,"service":"transfer-control","source":"system","timestamp":"2025-10-21T06:47:44.639Z","version":"1.0.0"}
